<?xml version="1.0" encoding="UTF-8"?>
<testsuite name="com.example.pokexcell.ExampleUnitTest" tests="1" skipped="0" failures="0" errors="0" timestamp="2025-05-21T11:38:35" hostname="SAM" time="0.005">
  <properties/>
  <testcase name="addition_isCorrect" classname="com.example.pokexcell.ExampleUnitTest" time="0.005"/>
  <system-out><![CDATA[]]></system-out>
  <system-err><![CDATA[]]></system-err>
</testsuite>
